{"C:\\Users\\edwar\\Documents\\Programming\\enigmajs\\ts\\app.tsx": {"path":"C:\\Users\\edwar\\Documents\\Programming\\enigmajs\\ts\\app.tsx","statementMap":{"0":{"start":{"line":5,"column":20},"end":{"line":26,"column":1}},"1":{"start":{"line":28,"column":12},"end":{"line":34,"column":1}},"2":{"start":{"line":29,"column":2},"end":{"line":33,"column":4}}},"fnMap":{"0":{"name":"(anonymous_0)","decl":{"start":{"line":28,"column":12},"end":{"line":28,"column":13}},"loc":{"start":{"line":28,"column":31},"end":{"line":34,"column":1}},"line":28}},"branchMap":{},"s":{"0":1,"1":1,"2":1},"f":{"0":1},"b":{},"_coverageSchema":"1a1c01bbd47fc00a2c39e90264f33305004495a9","hash":"1f1d07282c8c1dda9b0995d2d83e5792a92ab033"}
,"C:\\Users\\edwar\\Documents\\Programming\\enigmajs\\ts\\components\\about.tsx": {"path":"C:\\Users\\edwar\\Documents\\Programming\\enigmajs\\ts\\components\\about.tsx","statementMap":{"0":{"start":{"line":4,"column":21},"end":{"line":8,"column":1}},"1":{"start":{"line":10,"column":14},"end":{"line":27,"column":1}},"2":{"start":{"line":11,"column":2},"end":{"line":26,"column":3}}},"fnMap":{"0":{"name":"(anonymous_0)","decl":{"start":{"line":10,"column":14},"end":{"line":10,"column":15}},"loc":{"start":{"line":10,"column":33},"end":{"line":27,"column":1}},"line":10}},"branchMap":{},"s":{"0":2,"1":2,"2":2},"f":{"0":2},"b":{},"_coverageSchema":"1a1c01bbd47fc00a2c39e90264f33305004495a9","hash":"4d873276177b7e2b4b8d72bf5972575a315588d0"}
,"C:\\Users\\edwar\\Documents\\Programming\\enigmajs\\ts\\components\\dropdown.tsx": {"path":"C:\\Users\\edwar\\Documents\\Programming\\enigmajs\\ts\\components\\dropdown.tsx","statementMap":{"0":{"start":{"line":11,"column":17},"end":{"line":27,"column":1}},"1":{"start":{"line":12,"column":2},"end":{"line":26,"column":4}},"2":{"start":{"line":16,"column":10},"end":{"line":22,"column":19}}},"fnMap":{"0":{"name":"(anonymous_0)","decl":{"start":{"line":11,"column":17},"end":{"line":11,"column":18}},"loc":{"start":{"line":11,"column":56},"end":{"line":27,"column":1}},"line":11},"1":{"name":"(anonymous_1)","decl":{"start":{"line":15,"column":26},"end":{"line":15,"column":27}},"loc":{"start":{"line":16,"column":10},"end":{"line":22,"column":19}},"line":16}},"branchMap":{},"s":{"0":1,"1":0,"2":0},"f":{"0":0,"1":0},"b":{},"_coverageSchema":"1a1c01bbd47fc00a2c39e90264f33305004495a9","hash":"18628c2a82943dfefb1d6c882e84ed05c1e48be5"}
,"C:\\Users\\edwar\\Documents\\Programming\\enigmajs\\ts\\components\\elements.tsx": {"path":"C:\\Users\\edwar\\Documents\\Programming\\enigmajs\\ts\\components\\elements.tsx","statementMap":{"0":{"start":{"line":3,"column":22},"end":{"line":19,"column":1}},"1":{"start":{"line":21,"column":24},"end":{"line":29,"column":1}},"2":{"start":{"line":31,"column":23},"end":{"line":34,"column":1}},"3":{"start":{"line":36,"column":22},"end":{"line":44,"column":1}},"4":{"start":{"line":46,"column":21},"end":{"line":55,"column":1}}},"fnMap":{},"branchMap":{},"s":{"0":1,"1":1,"2":1,"3":1,"4":1},"f":{},"b":{},"_coverageSchema":"1a1c01bbd47fc00a2c39e90264f33305004495a9","hash":"d017b17639511a693602bc57b2498613d05deac4"}
,"C:\\Users\\edwar\\Documents\\Programming\\enigmajs\\ts\\components\\encrypt.ts": {"path":"C:\\Users\\edwar\\Documents\\Programming\\enigmajs\\ts\\components\\encrypt.ts","statementMap":{"0":{"start":{"line":1,"column":39},"end":{"line":1,"column":68}},"1":{"start":{"line":5,"column":24},"end":{"line":5,"column":54}},"2":{"start":{"line":6,"column":24},"end":{"line":6,"column":54}},"3":{"start":{"line":7,"column":24},"end":{"line":7,"column":54}},"4":{"start":{"line":9,"column":23},"end":{"line":18,"column":1}},"5":{"start":{"line":10,"column":20},"end":{"line":10,"column":38}},"6":{"start":{"line":11,"column":2},"end":{"line":13,"column":3}},"7":{"start":{"line":12,"column":4},"end":{"line":12,"column":32}},"8":{"start":{"line":13,"column":4},"end":{"line":17,"column":3}},"9":{"start":{"line":14,"column":4},"end":{"line":14,"column":79}},"10":{"start":{"line":16,"column":4},"end":{"line":16,"column":21}},"11":{"start":{"line":20,"column":18},"end":{"line":26,"column":1}},"12":{"start":{"line":21,"column":28},"end":{"line":21,"column":56}},"13":{"start":{"line":23,"column":33},"end":{"line":23,"column":124}},"14":{"start":{"line":23,"column":73},"end":{"line":23,"column":118}},"15":{"start":{"line":25,"column":2},"end":{"line":25,"column":42}},"16":{"start":{"line":28,"column":16},"end":{"line":39,"column":1}},"17":{"start":{"line":29,"column":17},"end":{"line":29,"column":27}},"18":{"start":{"line":31,"column":2},"end":{"line":33,"column":3}},"19":{"start":{"line":31,"column":15},"end":{"line":31,"column":16}},"20":{"start":{"line":32,"column":4},"end":{"line":32,"column":17}},"21":{"start":{"line":35,"column":17},"end":{"line":35,"column":37}},"22":{"start":{"line":36,"column":2},"end":{"line":36,"column":28}},"23":{"start":{"line":38,"column":2},"end":{"line":38,"column":90}},"24":{"start":{"line":38,"column":49},"end":{"line":38,"column":83}},"25":{"start":{"line":41,"column":18},"end":{"line":41,"column":130}},"26":{"start":{"line":41,"column":49},"end":{"line":41,"column":130}},"27":{"start":{"line":41,"column":92},"end":{"line":41,"column":124}},"28":{"start":{"line":43,"column":14},"end":{"line":90,"column":1}},"29":{"start":{"line":44,"column":20},"end":{"line":44,"column":38}},"30":{"start":{"line":46,"column":2},"end":{"line":74,"column":3}},"31":{"start":{"line":47,"column":4},"end":{"line":47,"column":17}},"32":{"start":{"line":48,"column":4},"end":{"line":48,"column":17}},"33":{"start":{"line":49,"column":4},"end":{"line":49,"column":17}},"34":{"start":{"line":51,"column":4},"end":{"line":54,"column":5}},"35":{"start":{"line":52,"column":6},"end":{"line":52,"column":21}},"36":{"start":{"line":53,"column":6},"end":{"line":53,"column":30}},"37":{"start":{"line":56,"column":4},"end":{"line":59,"column":5}},"38":{"start":{"line":57,"column":6},"end":{"line":57,"column":21}},"39":{"start":{"line":58,"column":6},"end":{"line":58,"column":31}},"40":{"start":{"line":61,"column":4},"end":{"line":64,"column":5}},"41":{"start":{"line":62,"column":6},"end":{"line":62,"column":33}},"42":{"start":{"line":63,"column":6},"end":{"line":63,"column":19}},"43":{"start":{"line":66,"column":4},"end":{"line":68,"column":5}},"44":{"start":{"line":67,"column":6},"end":{"line":67,"column":21}},"45":{"start":{"line":70,"column":4},"end":{"line":73,"column":5}},"46":{"start":{"line":71,"column":6},"end":{"line":71,"column":33}},"47":{"start":{"line":72,"column":6},"end":{"line":72,"column":19}},"48":{"start":{"line":76,"column":2},"end":{"line":79,"column":3}},"49":{"start":{"line":77,"column":4},"end":{"line":77,"column":37}},"50":{"start":{"line":78,"column":4},"end":{"line":78,"column":11}},"51":{"start":{"line":82,"column":20},"end":{"line":82,"column":78}},"52":{"start":{"line":83,"column":20},"end":{"line":83,"column":78}},"53":{"start":{"line":84,"column":20},"end":{"line":84,"column":78}},"54":{"start":{"line":86,"column":15},"end":{"line":86,"column":128}},"55":{"start":{"line":87,"column":21},"end":{"line":87,"column":71}},"56":{"start":{"line":87,"column":49},"end":{"line":87,"column":59}},"57":{"start":{"line":89,"column":2},"end":{"line":89,"column":20}},"58":{"start":{"line":92,"column":16},"end":{"line":125,"column":1}},"59":{"start":{"line":93,"column":17},"end":{"line":93,"column":84}},"60":{"start":{"line":93,"column":56},"end":{"line":93,"column":83}},"61":{"start":{"line":95,"column":2},"end":{"line":95,"column":22}},"62":{"start":{"line":97,"column":2},"end":{"line":97,"column":70}},"63":{"start":{"line":98,"column":2},"end":{"line":98,"column":70}},"64":{"start":{"line":99,"column":2},"end":{"line":99,"column":70}},"65":{"start":{"line":101,"column":20},"end":{"line":121,"column":4}},"66":{"start":{"line":102,"column":4},"end":{"line":102,"column":37}},"67":{"start":{"line":104,"column":20},"end":{"line":104,"column":47}},"68":{"start":{"line":105,"column":22},"end":{"line":105,"column":36}},"69":{"start":{"line":107,"column":4},"end":{"line":110,"column":5}},"70":{"start":{"line":108,"column":6},"end":{"line":108,"column":44}},"71":{"start":{"line":109,"column":6},"end":{"line":109,"column":63}},"72":{"start":{"line":112,"column":22},"end":{"line":112,"column":50}},"73":{"start":{"line":113,"column":23},"end":{"line":113,"column":45}},"74":{"start":{"line":115,"column":4},"end":{"line":118,"column":5}},"75":{"start":{"line":116,"column":6},"end":{"line":116,"column":44}},"76":{"start":{"line":117,"column":6},"end":{"line":117,"column":63}},"77":{"start":{"line":120,"column":4},"end":{"line":120,"column":45}},"78":{"start":{"line":123,"column":18},"end":{"line":123,"column":36}},"79":{"start":{"line":124,"column":2},"end":{"line":124,"column":17}}},"fnMap":{"0":{"name":"(anonymous_0)","decl":{"start":{"line":9,"column":23},"end":{"line":9,"column":24}},"loc":{"start":{"line":9,"column":70},"end":{"line":18,"column":1}},"line":9},"1":{"name":"(anonymous_1)","decl":{"start":{"line":20,"column":18},"end":{"line":20,"column":19}},"loc":{"start":{"line":20,"column":60},"end":{"line":26,"column":1}},"line":20},"2":{"name":"(anonymous_2)","decl":{"start":{"line":23,"column":49},"end":{"line":23,"column":50}},"loc":{"start":{"line":23,"column":73},"end":{"line":23,"column":118}},"line":23},"3":{"name":"(anonymous_3)","decl":{"start":{"line":28,"column":16},"end":{"line":28,"column":17}},"loc":{"start":{"line":28,"column":63},"end":{"line":39,"column":1}},"line":28},"4":{"name":"(anonymous_4)","decl":{"start":{"line":38,"column":25},"end":{"line":38,"column":26}},"loc":{"start":{"line":38,"column":49},"end":{"line":38,"column":83}},"line":38},"5":{"name":"(anonymous_5)","decl":{"start":{"line":41,"column":18},"end":{"line":41,"column":19}},"loc":{"start":{"line":41,"column":49},"end":{"line":41,"column":130}},"line":41},"6":{"name":"(anonymous_6)","decl":{"start":{"line":41,"column":75},"end":{"line":41,"column":76}},"loc":{"start":{"line":41,"column":92},"end":{"line":41,"column":124}},"line":41},"7":{"name":"(anonymous_7)","decl":{"start":{"line":43,"column":14},"end":{"line":43,"column":15}},"loc":{"start":{"line":43,"column":67},"end":{"line":90,"column":1}},"line":43},"8":{"name":"(anonymous_8)","decl":{"start":{"line":87,"column":33},"end":{"line":87,"column":34}},"loc":{"start":{"line":87,"column":49},"end":{"line":87,"column":59}},"line":87},"9":{"name":"(anonymous_9)","decl":{"start":{"line":92,"column":16},"end":{"line":92,"column":17}},"loc":{"start":{"line":92,"column":114},"end":{"line":125,"column":1}},"line":92},"10":{"name":"(anonymous_10)","decl":{"start":{"line":93,"column":46},"end":{"line":93,"column":47}},"loc":{"start":{"line":93,"column":56},"end":{"line":93,"column":83}},"line":93},"11":{"name":"(anonymous_11)","decl":{"start":{"line":101,"column":31},"end":{"line":101,"column":32}},"loc":{"start":{"line":101,"column":39},"end":{"line":121,"column":3}},"line":101}},"branchMap":{"0":{"loc":{"start":{"line":11,"column":2},"end":{"line":13,"column":3}},"type":"if","locations":[{"start":{"line":11,"column":2},"end":{"line":13,"column":3}},{"start":{},"end":{}}],"line":11},"1":{"loc":{"start":{"line":13,"column":4},"end":{"line":17,"column":3}},"type":"if","locations":[{"start":{"line":13,"column":4},"end":{"line":17,"column":3}},{"start":{"line":15,"column":9},"end":{"line":17,"column":3}}],"line":13},"2":{"loc":{"start":{"line":46,"column":2},"end":{"line":74,"column":3}},"type":"if","locations":[{"start":{"line":46,"column":2},"end":{"line":74,"column":3}},{"start":{},"end":{}}],"line":46},"3":{"loc":{"start":{"line":51,"column":4},"end":{"line":54,"column":5}},"type":"if","locations":[{"start":{"line":51,"column":4},"end":{"line":54,"column":5}},{"start":{},"end":{}}],"line":51},"4":{"loc":{"start":{"line":56,"column":4},"end":{"line":59,"column":5}},"type":"if","locations":[{"start":{"line":56,"column":4},"end":{"line":59,"column":5}},{"start":{},"end":{}}],"line":56},"5":{"loc":{"start":{"line":61,"column":4},"end":{"line":64,"column":5}},"type":"if","locations":[{"start":{"line":61,"column":4},"end":{"line":64,"column":5}},{"start":{},"end":{}}],"line":61},"6":{"loc":{"start":{"line":66,"column":4},"end":{"line":68,"column":5}},"type":"if","locations":[{"start":{"line":66,"column":4},"end":{"line":68,"column":5}},{"start":{},"end":{}}],"line":66},"7":{"loc":{"start":{"line":70,"column":4},"end":{"line":73,"column":5}},"type":"if","locations":[{"start":{"line":70,"column":4},"end":{"line":73,"column":5}},{"start":{},"end":{}}],"line":70},"8":{"loc":{"start":{"line":76,"column":2},"end":{"line":79,"column":3}},"type":"if","locations":[{"start":{"line":76,"column":2},"end":{"line":79,"column":3}},{"start":{},"end":{}}],"line":76},"9":{"loc":{"start":{"line":76,"column":6},"end":{"line":76,"column":50}},"type":"binary-expr","locations":[{"start":{"line":76,"column":6},"end":{"line":76,"column":18}},{"start":{"line":76,"column":22},"end":{"line":76,"column":34}},{"start":{"line":76,"column":38},"end":{"line":76,"column":50}}],"line":76},"10":{"loc":{"start":{"line":86,"column":15},"end":{"line":86,"column":128}},"type":"cond-expr","locations":[{"start":{"line":86,"column":26},"end":{"line":86,"column":92}},{"start":{"line":86,"column":95},"end":{"line":86,"column":128}}],"line":86},"11":{"loc":{"start":{"line":107,"column":4},"end":{"line":110,"column":5}},"type":"if","locations":[{"start":{"line":107,"column":4},"end":{"line":110,"column":5}},{"start":{},"end":{}}],"line":107},"12":{"loc":{"start":{"line":115,"column":4},"end":{"line":118,"column":5}},"type":"if","locations":[{"start":{"line":115,"column":4},"end":{"line":118,"column":5}},{"start":{},"end":{}}],"line":115}},"s":{"0":1,"1":1,"2":1,"3":1,"4":1,"5":0,"6":0,"7":0,"8":0,"9":0,"10":0,"11":1,"12":0,"13":0,"14":0,"15":0,"16":1,"17":0,"18":0,"19":0,"20":0,"21":0,"22":0,"23":0,"24":0,"25":1,"26":0,"27":0,"28":1,"29":0,"30":0,"31":0,"32":0,"33":0,"34":0,"35":0,"36":0,"37":0,"38":0,"39":0,"40":0,"41":0,"42":0,"43":0,"44":0,"45":0,"46":0,"47":0,"48":0,"49":0,"50":0,"51":0,"52":0,"53":0,"54":0,"55":0,"56":0,"57":0,"58":1,"59":0,"60":0,"61":0,"62":0,"63":0,"64":0,"65":0,"66":0,"67":0,"68":0,"69":0,"70":0,"71":0,"72":0,"73":0,"74":0,"75":0,"76":0,"77":0,"78":0,"79":0},"f":{"0":0,"1":0,"2":0,"3":0,"4":0,"5":0,"6":0,"7":0,"8":0,"9":0,"10":0,"11":0},"b":{"0":[0,0],"1":[0,0],"2":[0,0],"3":[0,0],"4":[0,0],"5":[0,0],"6":[0,0],"7":[0,0],"8":[0,0],"9":[0,0,0],"10":[0,0],"11":[0,0],"12":[0,0]},"_coverageSchema":"1a1c01bbd47fc00a2c39e90264f33305004495a9","hash":"2e6e3c2d9cac48f99c26238a24d78578f404684c"}
,"C:\\Users\\edwar\\Documents\\Programming\\enigmajs\\ts\\components\\enigma.tsx": {"path":"C:\\Users\\edwar\\Documents\\Programming\\enigmajs\\ts\\components\\enigma.tsx","statementMap":{"0":{"start":{"line":13,"column":20},"end":{"line":18,"column":1}},"1":{"start":{"line":20,"column":18},"end":{"line":25,"column":1}},"2":{"start":{"line":27,"column":19},"end":{"line":30,"column":1}},"3":{"start":{"line":32,"column":15},"end":{"line":129,"column":1}},"4":{"start":{"line":33,"column":36},"end":{"line":33,"column":54}},"5":{"start":{"line":34,"column":38},"end":{"line":34,"column":73}},"6":{"start":{"line":35,"column":42},"end":{"line":35,"column":60}},"7":{"start":{"line":36,"column":36},"end":{"line":36,"column":55}},"8":{"start":{"line":37,"column":38},"end":{"line":37,"column":63}},"9":{"start":{"line":38,"column":30},"end":{"line":38,"column":64}},"10":{"start":{"line":39,"column":50},"end":{"line":39,"column":73}},"11":{"start":{"line":41,"column":24},"end":{"line":43,"column":3}},"12":{"start":{"line":42,"column":4},"end":{"line":42,"column":83}},"13":{"start":{"line":45,"column":20},"end":{"line":56,"column":3}},"14":{"start":{"line":46,"column":24},"end":{"line":46,"column":43}},"15":{"start":{"line":47,"column":21},"end":{"line":47,"column":42}},"16":{"start":{"line":48,"column":20},"end":{"line":48,"column":40}},"17":{"start":{"line":50,"column":4},"end":{"line":53,"column":5}},"18":{"start":{"line":51,"column":6},"end":{"line":51,"column":40}},"19":{"start":{"line":52,"column":6},"end":{"line":52,"column":18}},"20":{"start":{"line":55,"column":4},"end":{"line":55,"column":17}},"21":{"start":{"line":58,"column":42},"end":{"line":64,"column":3}},"22":{"start":{"line":66,"column":2},"end":{"line":128,"column":4}},"23":{"start":{"line":101,"column":44},"end":{"line":101,"column":93}},"24":{"start":{"line":102,"column":30},"end":{"line":102,"column":49}}},"fnMap":{"0":{"name":"(anonymous_0)","decl":{"start":{"line":32,"column":15},"end":{"line":32,"column":16}},"loc":{"start":{"line":32,"column":34},"end":{"line":129,"column":1}},"line":32},"1":{"name":"(anonymous_1)","decl":{"start":{"line":41,"column":24},"end":{"line":41,"column":25}},"loc":{"start":{"line":41,"column":36},"end":{"line":43,"column":3}},"line":41},"2":{"name":"(anonymous_2)","decl":{"start":{"line":45,"column":20},"end":{"line":45,"column":21}},"loc":{"start":{"line":45,"column":35},"end":{"line":56,"column":3}},"line":45},"3":{"name":"(anonymous_3)","decl":{"start":{"line":101,"column":30},"end":{"line":101,"column":31}},"loc":{"start":{"line":101,"column":44},"end":{"line":101,"column":93}},"line":101},"4":{"name":"(anonymous_4)","decl":{"start":{"line":102,"column":24},"end":{"line":102,"column":25}},"loc":{"start":{"line":102,"column":30},"end":{"line":102,"column":49}},"line":102}},"branchMap":{"0":{"loc":{"start":{"line":50,"column":4},"end":{"line":53,"column":5}},"type":"if","locations":[{"start":{"line":50,"column":4},"end":{"line":53,"column":5}},{"start":{},"end":{}}],"line":50},"1":{"loc":{"start":{"line":50,"column":8},"end":{"line":50,"column":45}},"type":"binary-expr","locations":[{"start":{"line":50,"column":8},"end":{"line":50,"column":20}},{"start":{"line":50,"column":24},"end":{"line":50,"column":33}},{"start":{"line":50,"column":37},"end":{"line":50,"column":45}}],"line":50},"2":{"loc":{"start":{"line":81,"column":10},"end":{"line":83,"column":14}},"type":"cond-expr","locations":[{"start":{"line":82,"column":10},"end":{"line":82,"column":19}},{"start":{"line":83,"column":10},"end":{"line":83,"column":14}}],"line":81},"3":{"loc":{"start":{"line":81,"column":10},"end":{"line":81,"column":59}},"type":"binary-expr","locations":[{"start":{"line":81,"column":10},"end":{"line":81,"column":38}},{"start":{"line":81,"column":42},"end":{"line":81,"column":59}}],"line":81},"4":{"loc":{"start":{"line":86,"column":10},"end":{"line":94,"column":14}},"type":"cond-expr","locations":[{"start":{"line":87,"column":10},"end":{"line":93,"column":12}},{"start":{"line":94,"column":10},"end":{"line":94,"column":14}}],"line":86},"5":{"loc":{"start":{"line":98,"column":10},"end":{"line":104,"column":14}},"type":"cond-expr","locations":[{"start":{"line":99,"column":10},"end":{"line":103,"column":12}},{"start":{"line":104,"column":10},"end":{"line":104,"column":14}}],"line":98},"6":{"loc":{"start":{"line":108,"column":10},"end":{"line":113,"column":14}},"type":"cond-expr","locations":[{"start":{"line":109,"column":10},"end":{"line":112,"column":12}},{"start":{"line":113,"column":10},"end":{"line":113,"column":14}}],"line":108},"7":{"loc":{"start":{"line":117,"column":10},"end":{"line":124,"column":14}},"type":"cond-expr","locations":[{"start":{"line":118,"column":10},"end":{"line":123,"column":12}},{"start":{"line":124,"column":10},"end":{"line":124,"column":14}}],"line":117}},"s":{"0":1,"1":1,"2":1,"3":1,"4":1,"5":1,"6":1,"7":1,"8":1,"9":1,"10":1,"11":1,"12":0,"13":1,"14":0,"15":0,"16":0,"17":0,"18":0,"19":0,"20":0,"21":1,"22":1,"23":0,"24":0},"f":{"0":1,"1":0,"2":0,"3":0,"4":0},"b":{"0":[0,0],"1":[0,0,0],"2":[1,0],"3":[1,0],"4":[0,1],"5":[0,1],"6":[0,1],"7":[0,1]},"_coverageSchema":"1a1c01bbd47fc00a2c39e90264f33305004495a9","hash":"c26e77db8abc25a6e8c02ad1c0c9130e37c487cb"}
,"C:\\Users\\edwar\\Documents\\Programming\\enigmajs\\ts\\components\\plugboard.tsx": {"path":"C:\\Users\\edwar\\Documents\\Programming\\enigmajs\\ts\\components\\plugboard.tsx","statementMap":{"0":{"start":{"line":13,"column":14},"end":{"line":13,"column":17}},"1":{"start":{"line":15,"column":24},"end":{"line":17,"column":1}},"2":{"start":{"line":19,"column":12},"end":{"line":23,"column":1}},"3":{"start":{"line":25,"column":27},"end":{"line":29,"column":1}},"4":{"start":{"line":31,"column":17},"end":{"line":33,"column":1}},"5":{"start":{"line":35,"column":18},"end":{"line":88,"column":1}},"6":{"start":{"line":36,"column":34},"end":{"line":36,"column":54}},"7":{"start":{"line":38,"column":24},"end":{"line":50,"column":3}},"8":{"start":{"line":39,"column":4},"end":{"line":42,"column":5}},"9":{"start":{"line":40,"column":6},"end":{"line":40,"column":33}},"10":{"start":{"line":41,"column":6},"end":{"line":41,"column":13}},"11":{"start":{"line":44,"column":4},"end":{"line":47,"column":7}},"12":{"start":{"line":49,"column":4},"end":{"line":49,"column":22}},"13":{"start":{"line":52,"column":25},"end":{"line":54,"column":3}},"14":{"start":{"line":53,"column":4},"end":{"line":53,"column":106}},"15":{"start":{"line":56,"column":2},"end":{"line":87,"column":4}},"16":{"start":{"line":63,"column":14},"end":{"line":63,"column":127}},"17":{"start":{"line":63,"column":80},"end":{"line":63,"column":99}},"18":{"start":{"line":71,"column":14},"end":{"line":71,"column":142}},"19":{"start":{"line":71,"column":93},"end":{"line":71,"column":114}},"20":{"start":{"line":81,"column":14},"end":{"line":81,"column":86}}},"fnMap":{"0":{"name":"(anonymous_0)","decl":{"start":{"line":35,"column":18},"end":{"line":35,"column":19}},"loc":{"start":{"line":35,"column":58},"end":{"line":88,"column":1}},"line":35},"1":{"name":"(anonymous_1)","decl":{"start":{"line":38,"column":24},"end":{"line":38,"column":25}},"loc":{"start":{"line":38,"column":50},"end":{"line":50,"column":3}},"line":38},"2":{"name":"(anonymous_2)","decl":{"start":{"line":52,"column":25},"end":{"line":52,"column":26}},"loc":{"start":{"line":52,"column":54},"end":{"line":54,"column":3}},"line":52},"3":{"name":"(anonymous_3)","decl":{"start":{"line":62,"column":25},"end":{"line":62,"column":26}},"loc":{"start":{"line":63,"column":14},"end":{"line":63,"column":127}},"line":63},"4":{"name":"(anonymous_4)","decl":{"start":{"line":63,"column":74},"end":{"line":63,"column":75}},"loc":{"start":{"line":63,"column":80},"end":{"line":63,"column":99}},"line":63},"5":{"name":"(anonymous_5)","decl":{"start":{"line":70,"column":25},"end":{"line":70,"column":26}},"loc":{"start":{"line":71,"column":14},"end":{"line":71,"column":142}},"line":71},"6":{"name":"(anonymous_6)","decl":{"start":{"line":71,"column":87},"end":{"line":71,"column":88}},"loc":{"start":{"line":71,"column":93},"end":{"line":71,"column":114}},"line":71},"7":{"name":"(anonymous_7)","decl":{"start":{"line":80,"column":44},"end":{"line":80,"column":45}},"loc":{"start":{"line":81,"column":14},"end":{"line":81,"column":86}},"line":81}},"branchMap":{"0":{"loc":{"start":{"line":39,"column":4},"end":{"line":42,"column":5}},"type":"if","locations":[{"start":{"line":39,"column":4},"end":{"line":42,"column":5}},{"start":{},"end":{}}],"line":39},"1":{"loc":{"start":{"line":53,"column":11},"end":{"line":53,"column":105}},"type":"binary-expr","locations":[{"start":{"line":53,"column":11},"end":{"line":53,"column":55}},{"start":{"line":53,"column":59},"end":{"line":53,"column":105}}],"line":53},"2":{"loc":{"start":{"line":71,"column":41},"end":{"line":71,"column":76}},"type":"binary-expr","locations":[{"start":{"line":71,"column":41},"end":{"line":71,"column":50}},{"start":{"line":71,"column":54},"end":{"line":71,"column":76}}],"line":71}},"s":{"0":1,"1":1,"2":1,"3":1,"4":1,"5":1,"6":0,"7":0,"8":0,"9":0,"10":0,"11":0,"12":0,"13":0,"14":0,"15":0,"16":0,"17":0,"18":0,"19":0,"20":0},"f":{"0":0,"1":0,"2":0,"3":0,"4":0,"5":0,"6":0,"7":0},"b":{"0":[0,0],"1":[0,0],"2":[0,0]},"_coverageSchema":"1a1c01bbd47fc00a2c39e90264f33305004495a9","hash":"49b6328f7ca502a0b7e0755f183da8462a3bdf4f"}
,"C:\\Users\\edwar\\Documents\\Programming\\enigmajs\\ts\\components\\rotors.tsx": {"path":"C:\\Users\\edwar\\Documents\\Programming\\enigmajs\\ts\\components\\rotors.tsx","statementMap":{"0":{"start":{"line":5,"column":27},"end":{"line":5,"column":56}},"1":{"start":{"line":14,"column":23},"end":{"line":18,"column":1}},"2":{"start":{"line":20,"column":19},"end":{"line":24,"column":1}},"3":{"start":{"line":26,"column":20},"end":{"line":98,"column":1}},"4":{"start":{"line":27,"column":38},"end":{"line":27,"column":88}},"5":{"start":{"line":28,"column":38},"end":{"line":28,"column":83}},"6":{"start":{"line":30,"column":29},"end":{"line":33,"column":3}},"7":{"start":{"line":31,"column":4},"end":{"line":31,"column":40}},"8":{"start":{"line":32,"column":4},"end":{"line":32,"column":41}},"9":{"start":{"line":35,"column":28},"end":{"line":42,"column":3}},"10":{"start":{"line":36,"column":20},"end":{"line":36,"column":30}},"11":{"start":{"line":37,"column":4},"end":{"line":37,"column":27}},"12":{"start":{"line":39,"column":4},"end":{"line":39,"column":29}},"13":{"start":{"line":41,"column":4},"end":{"line":41,"column":25}},"14":{"start":{"line":44,"column":17},"end":{"line":44,"column":31}},"15":{"start":{"line":46,"column":2},"end":{"line":96,"column":4}},"16":{"start":{"line":52,"column":28},"end":{"line":52,"column":64}},"17":{"start":{"line":61,"column":29},"end":{"line":61,"column":98}},"18":{"start":{"line":67,"column":28},"end":{"line":67,"column":64}},"19":{"start":{"line":76,"column":29},"end":{"line":76,"column":98}},"20":{"start":{"line":82,"column":28},"end":{"line":82,"column":64}},"21":{"start":{"line":91,"column":29},"end":{"line":91,"column":98}}},"fnMap":{"0":{"name":"(anonymous_0)","decl":{"start":{"line":26,"column":20},"end":{"line":26,"column":21}},"loc":{"start":{"line":26,"column":62},"end":{"line":98,"column":1}},"line":26},"1":{"name":"(anonymous_1)","decl":{"start":{"line":30,"column":29},"end":{"line":30,"column":30}},"loc":{"start":{"line":30,"column":41},"end":{"line":33,"column":3}},"line":30},"2":{"name":"(anonymous_2)","decl":{"start":{"line":35,"column":28},"end":{"line":35,"column":29}},"loc":{"start":{"line":35,"column":66},"end":{"line":42,"column":3}},"line":35},"3":{"name":"(anonymous_3)","decl":{"start":{"line":52,"column":21},"end":{"line":52,"column":22}},"loc":{"start":{"line":52,"column":28},"end":{"line":52,"column":64}},"line":52},"4":{"name":"(anonymous_4)","decl":{"start":{"line":61,"column":22},"end":{"line":61,"column":23}},"loc":{"start":{"line":61,"column":29},"end":{"line":61,"column":98}},"line":61},"5":{"name":"(anonymous_5)","decl":{"start":{"line":67,"column":21},"end":{"line":67,"column":22}},"loc":{"start":{"line":67,"column":28},"end":{"line":67,"column":64}},"line":67},"6":{"name":"(anonymous_6)","decl":{"start":{"line":76,"column":22},"end":{"line":76,"column":23}},"loc":{"start":{"line":76,"column":29},"end":{"line":76,"column":98}},"line":76},"7":{"name":"(anonymous_7)","decl":{"start":{"line":82,"column":21},"end":{"line":82,"column":22}},"loc":{"start":{"line":82,"column":28},"end":{"line":82,"column":64}},"line":82},"8":{"name":"(anonymous_8)","decl":{"start":{"line":91,"column":22},"end":{"line":91,"column":23}},"loc":{"start":{"line":91,"column":29},"end":{"line":91,"column":98}},"line":91}},"branchMap":{"0":{"loc":{"start":{"line":27,"column":53},"end":{"line":27,"column":87}},"type":"binary-expr","locations":[{"start":{"line":27,"column":53},"end":{"line":27,"column":65}},{"start":{"line":27,"column":69},"end":{"line":27,"column":87}}],"line":27},"1":{"loc":{"start":{"line":28,"column":53},"end":{"line":28,"column":82}},"type":"binary-expr","locations":[{"start":{"line":28,"column":53},"end":{"line":28,"column":69}},{"start":{"line":28,"column":73},"end":{"line":28,"column":82}}],"line":28}},"s":{"0":1,"1":1,"2":1,"3":1,"4":0,"5":0,"6":0,"7":0,"8":0,"9":0,"10":0,"11":0,"12":0,"13":0,"14":0,"15":0,"16":0,"17":0,"18":0,"19":0,"20":0,"21":0},"f":{"0":0,"1":0,"2":0,"3":0,"4":0,"5":0,"6":0,"7":0,"8":0},"b":{"0":[0,0],"1":[0,0]},"_coverageSchema":"1a1c01bbd47fc00a2c39e90264f33305004495a9","hash":"3f0d854c7823408f83bcade28fd87fe04ffacbff"}
,"C:\\Users\\edwar\\Documents\\Programming\\enigmajs\\ts\\components\\switch.tsx": {"path":"C:\\Users\\edwar\\Documents\\Programming\\enigmajs\\ts\\components\\switch.tsx","statementMap":{"0":{"start":{"line":3,"column":19},"end":{"line":20,"column":1}},"1":{"start":{"line":27,"column":15},"end":{"line":46,"column":1}},"2":{"start":{"line":28,"column":2},"end":{"line":45,"column":4}},"3":{"start":{"line":33,"column":10},"end":{"line":41,"column":16}},"4":{"start":{"line":37,"column":30},"end":{"line":37,"column":60}}},"fnMap":{"0":{"name":"(anonymous_0)","decl":{"start":{"line":27,"column":15},"end":{"line":27,"column":16}},"loc":{"start":{"line":27,"column":52},"end":{"line":46,"column":1}},"line":27},"1":{"name":"(anonymous_1)","decl":{"start":{"line":32,"column":23},"end":{"line":32,"column":24}},"loc":{"start":{"line":33,"column":10},"end":{"line":41,"column":16}},"line":33},"2":{"name":"(anonymous_2)","decl":{"start":{"line":37,"column":23},"end":{"line":37,"column":24}},"loc":{"start":{"line":37,"column":30},"end":{"line":37,"column":60}},"line":37}},"branchMap":{},"s":{"0":1,"1":1,"2":0,"3":0,"4":0},"f":{"0":0,"1":0,"2":0},"b":{},"_coverageSchema":"1a1c01bbd47fc00a2c39e90264f33305004495a9","hash":"cf1992da576bf05fbcc72f7734da2b6c9135e956"}
,"C:\\Users\\edwar\\Documents\\Programming\\enigmajs\\ts\\components\\tabview.tsx": {"path":"C:\\Users\\edwar\\Documents\\Programming\\enigmajs\\ts\\components\\tabview.tsx","statementMap":{"0":{"start":{"line":15,"column":19},"end":{"line":18,"column":1}},"1":{"start":{"line":20,"column":18},"end":{"line":33,"column":1}},"2":{"start":{"line":24,"column":33},"end":{"line":24,"column":64}},"3":{"start":{"line":35,"column":16},"end":{"line":50,"column":1}},"4":{"start":{"line":36,"column":2},"end":{"line":49,"column":3}},"5":{"start":{"line":40,"column":12},"end":{"line":45,"column":24}},"6":{"start":{"line":41,"column":29},"end":{"line":41,"column":49}}},"fnMap":{"0":{"name":"(anonymous_0)","decl":{"start":{"line":24,"column":22},"end":{"line":24,"column":23}},"loc":{"start":{"line":24,"column":33},"end":{"line":24,"column":64}},"line":24},"1":{"name":"(anonymous_1)","decl":{"start":{"line":35,"column":16},"end":{"line":35,"column":17}},"loc":{"start":{"line":35,"column":54},"end":{"line":50,"column":1}},"line":35},"2":{"name":"(anonymous_2)","decl":{"start":{"line":39,"column":36},"end":{"line":39,"column":37}},"loc":{"start":{"line":40,"column":12},"end":{"line":45,"column":24}},"line":40},"3":{"name":"(anonymous_3)","decl":{"start":{"line":41,"column":23},"end":{"line":41,"column":24}},"loc":{"start":{"line":41,"column":29},"end":{"line":41,"column":49}},"line":41}},"branchMap":{"0":{"loc":{"start":{"line":24,"column":33},"end":{"line":24,"column":64}},"type":"cond-expr","locations":[{"start":{"line":24,"column":50},"end":{"line":24,"column":59}},{"start":{"line":24,"column":62},"end":{"line":24,"column":64}}],"line":24}},"s":{"0":1,"1":1,"2":5,"3":1,"4":1,"5":5,"6":0},"f":{"0":5,"1":1,"2":5,"3":0},"b":{"0":[1,4]},"_coverageSchema":"1a1c01bbd47fc00a2c39e90264f33305004495a9","hash":"3cf869e2da4d5c7e4a2b1dfc914a00e7359a8aa1"}
,"C:\\Users\\edwar\\Documents\\Programming\\enigmajs\\ts\\components\\textentry.tsx": {"path":"C:\\Users\\edwar\\Documents\\Programming\\enigmajs\\ts\\components\\textentry.tsx","statementMap":{"0":{"start":{"line":14,"column":25},"end":{"line":18,"column":1}},"1":{"start":{"line":20,"column":22},"end":{"line":24,"column":1}},"2":{"start":{"line":26,"column":18},"end":{"line":49,"column":1}},"3":{"start":{"line":27,"column":73},"end":{"line":27,"column":78}},"4":{"start":{"line":28,"column":2},"end":{"line":48,"column":3}},"5":{"start":{"line":33,"column":25},"end":{"line":33,"column":49}}},"fnMap":{"0":{"name":"(anonymous_0)","decl":{"start":{"line":26,"column":18},"end":{"line":26,"column":19}},"loc":{"start":{"line":26,"column":58},"end":{"line":49,"column":1}},"line":26},"1":{"name":"(anonymous_1)","decl":{"start":{"line":33,"column":18},"end":{"line":33,"column":19}},"loc":{"start":{"line":33,"column":25},"end":{"line":33,"column":49}},"line":33}},"branchMap":{"0":{"loc":{"start":{"line":27,"column":53},"end":{"line":27,"column":68}},"type":"default-arg","locations":[{"start":{"line":27,"column":66},"end":{"line":27,"column":68}}],"line":27},"1":{"loc":{"start":{"line":43,"column":8},"end":{"line":45,"column":12}},"type":"cond-expr","locations":[{"start":{"line":44,"column":8},"end":{"line":44,"column":45}},{"start":{"line":45,"column":8},"end":{"line":45,"column":12}}],"line":43},"2":{"loc":{"start":{"line":43,"column":8},"end":{"line":43,"column":39}},"type":"binary-expr","locations":[{"start":{"line":43,"column":8},"end":{"line":43,"column":18}},{"start":{"line":43,"column":22},"end":{"line":43,"column":39}}],"line":43}},"s":{"0":1,"1":1,"2":1,"3":0,"4":0,"5":0},"f":{"0":0,"1":0},"b":{"0":[0],"1":[0,0],"2":[0,0]},"_coverageSchema":"1a1c01bbd47fc00a2c39e90264f33305004495a9","hash":"1bb0a948fbc18e1796795c0186dfce7b1b6c0df5"}
,"C:\\Users\\edwar\\Documents\\Programming\\enigmajs\\ts\\components\\utils\\utils.ts": {"path":"C:\\Users\\edwar\\Documents\\Programming\\enigmajs\\ts\\components\\utils\\utils.ts","statementMap":{"0":{"start":{"line":2,"column":2},"end":{"line":2,"column":132}},"1":{"start":{"line":4,"column":27},"end":{"line":4,"column":72}}},"fnMap":{},"branchMap":{},"s":{"0":1,"1":1},"f":{},"b":{},"_coverageSchema":"1a1c01bbd47fc00a2c39e90264f33305004495a9","hash":"b79b6a47ff3d41a760b6a66434df7e2624541c64"}
}
